0 info it worked if it ends with ok
1 verbose cli [ '/usr/bin/nodejs', '/usr/bin/npm', 'install' ]
2 info using npm@1.3.10
3 info using node@v0.10.25
4 warn package.json files_manager@1.0.0 No repository field.
5 verbose readDependencies using package.json deps
6 verbose install where, deps [ '/root/alx-files_manager',
6 verbose install   [ 'bull',
6 verbose install     'chai-http',
6 verbose install     'express',
6 verbose install     'image-thumbnail',
6 verbose install     'mime-types',
6 verbose install     'mongodb',
6 verbose install     'redis',
6 verbose install     'sha1',
6 verbose install     'uuid',
6 verbose install     '@babel/cli',
6 verbose install     '@babel/core',
6 verbose install     '@babel/node',
6 verbose install     '@babel/preset-env',
6 verbose install     '@babel/register',
6 verbose install     'chai',
6 verbose install     'mocha',
6 verbose install     'nodemon',
6 verbose install     'eslint',
6 verbose install     'eslint-config-airbnb-base',
6 verbose install     'eslint-plugin-import',
6 verbose install     'eslint-plugin-jest',
6 verbose install     'request',
6 verbose install     'sinon' ] ]
7 info preinstall files_manager@1.0.0
8 verbose readDependencies using package.json deps
9 verbose cache add [ 'bull@^3.16.0', null ]
10 verbose cache add name=undefined spec="bull@^3.16.0" args=["bull@^3.16.0",null]
11 verbose parsed url { protocol: null,
11 verbose parsed url   slashes: null,
11 verbose parsed url   auth: null,
11 verbose parsed url   host: null,
11 verbose parsed url   port: null,
11 verbose parsed url   hostname: null,
11 verbose parsed url   hash: null,
11 verbose parsed url   search: null,
11 verbose parsed url   query: null,
11 verbose parsed url   pathname: 'bull@^3.16.0',
11 verbose parsed url   path: 'bull@^3.16.0',
11 verbose parsed url   href: 'bull@^3.16.0' }
12 verbose cache add name="bull" spec="^3.16.0" args=["bull","^3.16.0"]
13 verbose parsed url { protocol: null,
13 verbose parsed url   slashes: null,
13 verbose parsed url   auth: null,
13 verbose parsed url   host: null,
13 verbose parsed url   port: null,
13 verbose parsed url   hostname: null,
13 verbose parsed url   hash: null,
13 verbose parsed url   search: null,
13 verbose parsed url   query: null,
13 verbose parsed url   pathname: '^3.16.0',
13 verbose parsed url   path: '^3.16.0',
13 verbose parsed url   href: '^3.16.0' }
14 verbose addNamed [ 'bull', '^3.16.0' ]
15 verbose addNamed [ null, '>=3.16.0-0 <4.0.0-0' ]
16 verbose cache add [ 'chai-http@^4.3.0', null ]
17 verbose cache add name=undefined spec="chai-http@^4.3.0" args=["chai-http@^4.3.0",null]
18 verbose parsed url { protocol: null,
18 verbose parsed url   slashes: null,
18 verbose parsed url   auth: null,
18 verbose parsed url   host: null,
18 verbose parsed url   port: null,
18 verbose parsed url   hostname: null,
18 verbose parsed url   hash: null,
18 verbose parsed url   search: null,
18 verbose parsed url   query: null,
18 verbose parsed url   pathname: 'chai-http@^4.3.0',
18 verbose parsed url   path: 'chai-http@^4.3.0',
18 verbose parsed url   href: 'chai-http@^4.3.0' }
19 verbose cache add name="chai-http" spec="^4.3.0" args=["chai-http","^4.3.0"]
20 verbose parsed url { protocol: null,
20 verbose parsed url   slashes: null,
20 verbose parsed url   auth: null,
20 verbose parsed url   host: null,
20 verbose parsed url   port: null,
20 verbose parsed url   hostname: null,
20 verbose parsed url   hash: null,
20 verbose parsed url   search: null,
20 verbose parsed url   query: null,
20 verbose parsed url   pathname: '^4.3.0',
20 verbose parsed url   path: '^4.3.0',
20 verbose parsed url   href: '^4.3.0' }
21 verbose addNamed [ 'chai-http', '^4.3.0' ]
22 verbose addNamed [ null, '>=4.3.0-0 <5.0.0-0' ]
23 verbose cache add [ 'express@^4.17.1', null ]
24 verbose cache add name=undefined spec="express@^4.17.1" args=["express@^4.17.1",null]
25 verbose parsed url { protocol: null,
25 verbose parsed url   slashes: null,
25 verbose parsed url   auth: null,
25 verbose parsed url   host: null,
25 verbose parsed url   port: null,
25 verbose parsed url   hostname: null,
25 verbose parsed url   hash: null,
25 verbose parsed url   search: null,
25 verbose parsed url   query: null,
25 verbose parsed url   pathname: 'express@^4.17.1',
25 verbose parsed url   path: 'express@^4.17.1',
25 verbose parsed url   href: 'express@^4.17.1' }
26 verbose cache add name="express" spec="^4.17.1" args=["express","^4.17.1"]
27 verbose parsed url { protocol: null,
27 verbose parsed url   slashes: null,
27 verbose parsed url   auth: null,
27 verbose parsed url   host: null,
27 verbose parsed url   port: null,
27 verbose parsed url   hostname: null,
27 verbose parsed url   hash: null,
27 verbose parsed url   search: null,
27 verbose parsed url   query: null,
27 verbose parsed url   pathname: '^4.17.1',
27 verbose parsed url   path: '^4.17.1',
27 verbose parsed url   href: '^4.17.1' }
28 verbose addNamed [ 'express', '^4.17.1' ]
29 verbose addNamed [ null, '>=4.17.1-0 <5.0.0-0' ]
30 silly lockFile 8a887d71-bull-3-16-0 bull@^3.16.0
31 verbose lock bull@^3.16.0 /root/.npm/8a887d71-bull-3-16-0.lock
32 silly lockFile 93a762bf-chai-http-4-3-0 chai-http@^4.3.0
33 verbose lock chai-http@^4.3.0 /root/.npm/93a762bf-chai-http-4-3-0.lock
34 silly lockFile 462f207e-express-4-17-1 express@^4.17.1
35 verbose lock express@^4.17.1 /root/.npm/462f207e-express-4-17-1.lock
36 verbose cache add [ 'image-thumbnail@^1.0.10', null ]
37 verbose cache add name=undefined spec="image-thumbnail@^1.0.10" args=["image-thumbnail@^1.0.10",null]
38 verbose parsed url { protocol: null,
38 verbose parsed url   slashes: null,
38 verbose parsed url   auth: null,
38 verbose parsed url   host: null,
38 verbose parsed url   port: null,
38 verbose parsed url   hostname: null,
38 verbose parsed url   hash: null,
38 verbose parsed url   search: null,
38 verbose parsed url   query: null,
38 verbose parsed url   pathname: 'image-thumbnail@^1.0.10',
38 verbose parsed url   path: 'image-thumbnail@^1.0.10',
38 verbose parsed url   href: 'image-thumbnail@^1.0.10' }
39 verbose cache add name="image-thumbnail" spec="^1.0.10" args=["image-thumbnail","^1.0.10"]
40 verbose parsed url { protocol: null,
40 verbose parsed url   slashes: null,
40 verbose parsed url   auth: null,
40 verbose parsed url   host: null,
40 verbose parsed url   port: null,
40 verbose parsed url   hostname: null,
40 verbose parsed url   hash: null,
40 verbose parsed url   search: null,
40 verbose parsed url   query: null,
40 verbose parsed url   pathname: '^1.0.10',
40 verbose parsed url   path: '^1.0.10',
40 verbose parsed url   href: '^1.0.10' }
41 verbose addNamed [ 'image-thumbnail', '^1.0.10' ]
42 verbose addNamed [ null, '>=1.0.10-0 <2.0.0-0' ]
43 silly lockFile 32ed75aa-image-thumbnail-1-0-10 image-thumbnail@^1.0.10
44 verbose lock image-thumbnail@^1.0.10 /root/.npm/32ed75aa-image-thumbnail-1-0-10.lock
45 verbose cache add [ 'mime-types@^2.1.27', null ]
46 verbose cache add name=undefined spec="mime-types@^2.1.27" args=["mime-types@^2.1.27",null]
47 verbose parsed url { protocol: null,
47 verbose parsed url   slashes: null,
47 verbose parsed url   auth: null,
47 verbose parsed url   host: null,
47 verbose parsed url   port: null,
47 verbose parsed url   hostname: null,
47 verbose parsed url   hash: null,
47 verbose parsed url   search: null,
47 verbose parsed url   query: null,
47 verbose parsed url   pathname: 'mime-types@^2.1.27',
47 verbose parsed url   path: 'mime-types@^2.1.27',
47 verbose parsed url   href: 'mime-types@^2.1.27' }
48 verbose cache add name="mime-types" spec="^2.1.27" args=["mime-types","^2.1.27"]
49 verbose parsed url { protocol: null,
49 verbose parsed url   slashes: null,
49 verbose parsed url   auth: null,
49 verbose parsed url   host: null,
49 verbose parsed url   port: null,
49 verbose parsed url   hostname: null,
49 verbose parsed url   hash: null,
49 verbose parsed url   search: null,
49 verbose parsed url   query: null,
49 verbose parsed url   pathname: '^2.1.27',
49 verbose parsed url   path: '^2.1.27',
49 verbose parsed url   href: '^2.1.27' }
50 verbose addNamed [ 'mime-types', '^2.1.27' ]
51 verbose addNamed [ null, '>=2.1.27-0 <3.0.0-0' ]
52 silly lockFile 01f960ec-mime-types-2-1-27 mime-types@^2.1.27
53 verbose lock mime-types@^2.1.27 /root/.npm/01f960ec-mime-types-2-1-27.lock
54 verbose cache add [ 'mongodb@^3.5.9', null ]
55 verbose cache add name=undefined spec="mongodb@^3.5.9" args=["mongodb@^3.5.9",null]
56 verbose parsed url { protocol: null,
56 verbose parsed url   slashes: null,
56 verbose parsed url   auth: null,
56 verbose parsed url   host: null,
56 verbose parsed url   port: null,
56 verbose parsed url   hostname: null,
56 verbose parsed url   hash: null,
56 verbose parsed url   search: null,
56 verbose parsed url   query: null,
56 verbose parsed url   pathname: 'mongodb@^3.5.9',
56 verbose parsed url   path: 'mongodb@^3.5.9',
56 verbose parsed url   href: 'mongodb@^3.5.9' }
57 verbose cache add name="mongodb" spec="^3.5.9" args=["mongodb","^3.5.9"]
58 verbose parsed url { protocol: null,
58 verbose parsed url   slashes: null,
58 verbose parsed url   auth: null,
58 verbose parsed url   host: null,
58 verbose parsed url   port: null,
58 verbose parsed url   hostname: null,
58 verbose parsed url   hash: null,
58 verbose parsed url   search: null,
58 verbose parsed url   query: null,
58 verbose parsed url   pathname: '^3.5.9',
58 verbose parsed url   path: '^3.5.9',
58 verbose parsed url   href: '^3.5.9' }
59 verbose addNamed [ 'mongodb', '^3.5.9' ]
60 verbose addNamed [ null, '>=3.5.9-0 <4.0.0-0' ]
61 silly lockFile b7113ca0-mongodb-3-5-9 mongodb@^3.5.9
62 verbose lock mongodb@^3.5.9 /root/.npm/b7113ca0-mongodb-3-5-9.lock
63 verbose cache add [ 'redis@^2.8.0', null ]
64 verbose cache add name=undefined spec="redis@^2.8.0" args=["redis@^2.8.0",null]
65 verbose parsed url { protocol: null,
65 verbose parsed url   slashes: null,
65 verbose parsed url   auth: null,
65 verbose parsed url   host: null,
65 verbose parsed url   port: null,
65 verbose parsed url   hostname: null,
65 verbose parsed url   hash: null,
65 verbose parsed url   search: null,
65 verbose parsed url   query: null,
65 verbose parsed url   pathname: 'redis@^2.8.0',
65 verbose parsed url   path: 'redis@^2.8.0',
65 verbose parsed url   href: 'redis@^2.8.0' }
66 verbose cache add name="redis" spec="^2.8.0" args=["redis","^2.8.0"]
67 verbose parsed url { protocol: null,
67 verbose parsed url   slashes: null,
67 verbose parsed url   auth: null,
67 verbose parsed url   host: null,
67 verbose parsed url   port: null,
67 verbose parsed url   hostname: null,
67 verbose parsed url   hash: null,
67 verbose parsed url   search: null,
67 verbose parsed url   query: null,
67 verbose parsed url   pathname: '^2.8.0',
67 verbose parsed url   path: '^2.8.0',
67 verbose parsed url   href: '^2.8.0' }
68 verbose addNamed [ 'redis', '^2.8.0' ]
69 verbose addNamed [ null, '>=2.8.0-0 <3.0.0-0' ]
70 silly lockFile 5be475a8-redis-2-8-0 redis@^2.8.0
71 verbose lock redis@^2.8.0 /root/.npm/5be475a8-redis-2-8-0.lock
72 verbose cache add [ 'sha1@^1.1.1', null ]
73 verbose cache add name=undefined spec="sha1@^1.1.1" args=["sha1@^1.1.1",null]
74 verbose parsed url { protocol: null,
74 verbose parsed url   slashes: null,
74 verbose parsed url   auth: null,
74 verbose parsed url   host: null,
74 verbose parsed url   port: null,
74 verbose parsed url   hostname: null,
74 verbose parsed url   hash: null,
74 verbose parsed url   search: null,
74 verbose parsed url   query: null,
74 verbose parsed url   pathname: 'sha1@^1.1.1',
74 verbose parsed url   path: 'sha1@^1.1.1',
74 verbose parsed url   href: 'sha1@^1.1.1' }
75 verbose cache add name="sha1" spec="^1.1.1" args=["sha1","^1.1.1"]
76 verbose parsed url { protocol: null,
76 verbose parsed url   slashes: null,
76 verbose parsed url   auth: null,
76 verbose parsed url   host: null,
76 verbose parsed url   port: null,
76 verbose parsed url   hostname: null,
76 verbose parsed url   hash: null,
76 verbose parsed url   search: null,
76 verbose parsed url   query: null,
76 verbose parsed url   pathname: '^1.1.1',
76 verbose parsed url   path: '^1.1.1',
76 verbose parsed url   href: '^1.1.1' }
77 verbose addNamed [ 'sha1', '^1.1.1' ]
78 verbose addNamed [ null, '>=1.1.1-0 <2.0.0-0' ]
79 silly lockFile 5d16e1bc-sha1-1-1-1 sha1@^1.1.1
80 verbose lock sha1@^1.1.1 /root/.npm/5d16e1bc-sha1-1-1-1.lock
81 verbose cache add [ 'uuid@^8.2.0', null ]
82 verbose cache add name=undefined spec="uuid@^8.2.0" args=["uuid@^8.2.0",null]
83 verbose parsed url { protocol: null,
83 verbose parsed url   slashes: null,
83 verbose parsed url   auth: null,
83 verbose parsed url   host: null,
83 verbose parsed url   port: null,
83 verbose parsed url   hostname: null,
83 verbose parsed url   hash: null,
83 verbose parsed url   search: null,
83 verbose parsed url   query: null,
83 verbose parsed url   pathname: 'uuid@^8.2.0',
83 verbose parsed url   path: 'uuid@^8.2.0',
83 verbose parsed url   href: 'uuid@^8.2.0' }
84 verbose cache add name="uuid" spec="^8.2.0" args=["uuid","^8.2.0"]
85 verbose parsed url { protocol: null,
85 verbose parsed url   slashes: null,
85 verbose parsed url   auth: null,
85 verbose parsed url   host: null,
85 verbose parsed url   port: null,
85 verbose parsed url   hostname: null,
85 verbose parsed url   hash: null,
85 verbose parsed url   search: null,
85 verbose parsed url   query: null,
85 verbose parsed url   pathname: '^8.2.0',
85 verbose parsed url   path: '^8.2.0',
85 verbose parsed url   href: '^8.2.0' }
86 verbose addNamed [ 'uuid', '^8.2.0' ]
87 verbose addNamed [ null, '>=8.2.0-0 <9.0.0-0' ]
88 silly lockFile a1c321a4-uuid-8-2-0 uuid@^8.2.0
89 verbose lock uuid@^8.2.0 /root/.npm/a1c321a4-uuid-8-2-0.lock
90 verbose cache add [ '@babel/cli@^7.8.0', null ]
91 verbose cache add name=undefined spec="@babel/cli@^7.8.0" args=["@babel/cli@^7.8.0",null]
92 verbose parsed url { protocol: null,
92 verbose parsed url   slashes: null,
92 verbose parsed url   auth: null,
92 verbose parsed url   host: null,
92 verbose parsed url   port: null,
92 verbose parsed url   hostname: null,
92 verbose parsed url   hash: null,
92 verbose parsed url   search: null,
92 verbose parsed url   query: null,
92 verbose parsed url   pathname: '@babel/cli@^7.8.0',
92 verbose parsed url   path: '@babel/cli@^7.8.0',
92 verbose parsed url   href: '@babel/cli@^7.8.0' }
93 verbose cache add name="" spec="babel/cli@^7.8.0" args=["","babel/cli@^7.8.0"]
94 verbose parsed url { protocol: null,
94 verbose parsed url   slashes: null,
94 verbose parsed url   auth: null,
94 verbose parsed url   host: null,
94 verbose parsed url   port: null,
94 verbose parsed url   hostname: null,
94 verbose parsed url   hash: null,
94 verbose parsed url   search: null,
94 verbose parsed url   query: null,
94 verbose parsed url   pathname: 'babel/cli@^7.8.0',
94 verbose parsed url   path: 'babel/cli@^7.8.0',
94 verbose parsed url   href: 'babel/cli@^7.8.0' }
95 verbose cache add name="babel/cli" spec="^7.8.0" args=["babel/cli","^7.8.0"]
96 verbose parsed url { protocol: null,
96 verbose parsed url   slashes: null,
96 verbose parsed url   auth: null,
96 verbose parsed url   host: null,
96 verbose parsed url   port: null,
96 verbose parsed url   hostname: null,
96 verbose parsed url   hash: null,
96 verbose parsed url   search: null,
96 verbose parsed url   query: null,
96 verbose parsed url   pathname: '^7.8.0',
96 verbose parsed url   path: '^7.8.0',
96 verbose parsed url   href: '^7.8.0' }
97 verbose addNamed [ 'babel/cli', '^7.8.0' ]
98 verbose addNamed [ null, '>=7.8.0-0 <8.0.0-0' ]
99 silly lockFile 51603d93-babel-cli-7-8-0 babel/cli@^7.8.0
100 verbose lock babel/cli@^7.8.0 /root/.npm/51603d93-babel-cli-7-8-0.lock
101 verbose cache add [ '@babel/core@^7.8.0', null ]
102 verbose cache add name=undefined spec="@babel/core@^7.8.0" args=["@babel/core@^7.8.0",null]
103 verbose parsed url { protocol: null,
103 verbose parsed url   slashes: null,
103 verbose parsed url   auth: null,
103 verbose parsed url   host: null,
103 verbose parsed url   port: null,
103 verbose parsed url   hostname: null,
103 verbose parsed url   hash: null,
103 verbose parsed url   search: null,
103 verbose parsed url   query: null,
103 verbose parsed url   pathname: '@babel/core@^7.8.0',
103 verbose parsed url   path: '@babel/core@^7.8.0',
103 verbose parsed url   href: '@babel/core@^7.8.0' }
104 verbose cache add name="" spec="babel/core@^7.8.0" args=["","babel/core@^7.8.0"]
105 verbose parsed url { protocol: null,
105 verbose parsed url   slashes: null,
105 verbose parsed url   auth: null,
105 verbose parsed url   host: null,
105 verbose parsed url   port: null,
105 verbose parsed url   hostname: null,
105 verbose parsed url   hash: null,
105 verbose parsed url   search: null,
105 verbose parsed url   query: null,
105 verbose parsed url   pathname: 'babel/core@^7.8.0',
105 verbose parsed url   path: 'babel/core@^7.8.0',
105 verbose parsed url   href: 'babel/core@^7.8.0' }
106 verbose cache add name="babel/core" spec="^7.8.0" args=["babel/core","^7.8.0"]
107 verbose parsed url { protocol: null,
107 verbose parsed url   slashes: null,
107 verbose parsed url   auth: null,
107 verbose parsed url   host: null,
107 verbose parsed url   port: null,
107 verbose parsed url   hostname: null,
107 verbose parsed url   hash: null,
107 verbose parsed url   search: null,
107 verbose parsed url   query: null,
107 verbose parsed url   pathname: '^7.8.0',
107 verbose parsed url   path: '^7.8.0',
107 verbose parsed url   href: '^7.8.0' }
108 verbose addNamed [ 'babel/core', '^7.8.0' ]
109 verbose addNamed [ null, '>=7.8.0-0 <8.0.0-0' ]
110 silly lockFile f2cc40f3-babel-core-7-8-0 babel/core@^7.8.0
111 verbose lock babel/core@^7.8.0 /root/.npm/f2cc40f3-babel-core-7-8-0.lock
112 verbose cache add [ '@babel/node@^7.8.0', null ]
113 verbose cache add name=undefined spec="@babel/node@^7.8.0" args=["@babel/node@^7.8.0",null]
114 verbose parsed url { protocol: null,
114 verbose parsed url   slashes: null,
114 verbose parsed url   auth: null,
114 verbose parsed url   host: null,
114 verbose parsed url   port: null,
114 verbose parsed url   hostname: null,
114 verbose parsed url   hash: null,
114 verbose parsed url   search: null,
114 verbose parsed url   query: null,
114 verbose parsed url   pathname: '@babel/node@^7.8.0',
114 verbose parsed url   path: '@babel/node@^7.8.0',
114 verbose parsed url   href: '@babel/node@^7.8.0' }
115 verbose cache add name="" spec="babel/node@^7.8.0" args=["","babel/node@^7.8.0"]
116 verbose parsed url { protocol: null,
116 verbose parsed url   slashes: null,
116 verbose parsed url   auth: null,
116 verbose parsed url   host: null,
116 verbose parsed url   port: null,
116 verbose parsed url   hostname: null,
116 verbose parsed url   hash: null,
116 verbose parsed url   search: null,
116 verbose parsed url   query: null,
116 verbose parsed url   pathname: 'babel/node@^7.8.0',
116 verbose parsed url   path: 'babel/node@^7.8.0',
116 verbose parsed url   href: 'babel/node@^7.8.0' }
117 verbose cache add name="babel/node" spec="^7.8.0" args=["babel/node","^7.8.0"]
118 verbose parsed url { protocol: null,
118 verbose parsed url   slashes: null,
118 verbose parsed url   auth: null,
118 verbose parsed url   host: null,
118 verbose parsed url   port: null,
118 verbose parsed url   hostname: null,
118 verbose parsed url   hash: null,
118 verbose parsed url   search: null,
118 verbose parsed url   query: null,
118 verbose parsed url   pathname: '^7.8.0',
118 verbose parsed url   path: '^7.8.0',
118 verbose parsed url   href: '^7.8.0' }
119 verbose addNamed [ 'babel/node', '^7.8.0' ]
120 verbose addNamed [ null, '>=7.8.0-0 <8.0.0-0' ]
121 silly lockFile 368556b6-babel-node-7-8-0 babel/node@^7.8.0
122 verbose lock babel/node@^7.8.0 /root/.npm/368556b6-babel-node-7-8-0.lock
123 verbose cache add [ '@babel/preset-env@^7.8.2', null ]
124 verbose cache add name=undefined spec="@babel/preset-env@^7.8.2" args=["@babel/preset-env@^7.8.2",null]
125 verbose parsed url { protocol: null,
125 verbose parsed url   slashes: null,
125 verbose parsed url   auth: null,
125 verbose parsed url   host: null,
125 verbose parsed url   port: null,
125 verbose parsed url   hostname: null,
125 verbose parsed url   hash: null,
125 verbose parsed url   search: null,
125 verbose parsed url   query: null,
125 verbose parsed url   pathname: '@babel/preset-env@^7.8.2',
125 verbose parsed url   path: '@babel/preset-env@^7.8.2',
125 verbose parsed url   href: '@babel/preset-env@^7.8.2' }
126 verbose cache add name="" spec="babel/preset-env@^7.8.2" args=["","babel/preset-env@^7.8.2"]
127 verbose parsed url { protocol: null,
127 verbose parsed url   slashes: null,
127 verbose parsed url   auth: null,
127 verbose parsed url   host: null,
127 verbose parsed url   port: null,
127 verbose parsed url   hostname: null,
127 verbose parsed url   hash: null,
127 verbose parsed url   search: null,
127 verbose parsed url   query: null,
127 verbose parsed url   pathname: 'babel/preset-env@^7.8.2',
127 verbose parsed url   path: 'babel/preset-env@^7.8.2',
127 verbose parsed url   href: 'babel/preset-env@^7.8.2' }
128 verbose cache add name="babel/preset-env" spec="^7.8.2" args=["babel/preset-env","^7.8.2"]
129 verbose parsed url { protocol: null,
129 verbose parsed url   slashes: null,
129 verbose parsed url   auth: null,
129 verbose parsed url   host: null,
129 verbose parsed url   port: null,
129 verbose parsed url   hostname: null,
129 verbose parsed url   hash: null,
129 verbose parsed url   search: null,
129 verbose parsed url   query: null,
129 verbose parsed url   pathname: '^7.8.2',
129 verbose parsed url   path: '^7.8.2',
129 verbose parsed url   href: '^7.8.2' }
130 verbose addNamed [ 'babel/preset-env', '^7.8.2' ]
131 verbose addNamed [ null, '>=7.8.2-0 <8.0.0-0' ]
132 silly lockFile 2a87039e-babel-preset-env-7-8-2 babel/preset-env@^7.8.2
133 verbose lock babel/preset-env@^7.8.2 /root/.npm/2a87039e-babel-preset-env-7-8-2.lock
134 verbose cache add [ '@babel/register@^7.8.0', null ]
135 verbose cache add name=undefined spec="@babel/register@^7.8.0" args=["@babel/register@^7.8.0",null]
136 verbose parsed url { protocol: null,
136 verbose parsed url   slashes: null,
136 verbose parsed url   auth: null,
136 verbose parsed url   host: null,
136 verbose parsed url   port: null,
136 verbose parsed url   hostname: null,
136 verbose parsed url   hash: null,
136 verbose parsed url   search: null,
136 verbose parsed url   query: null,
136 verbose parsed url   pathname: '@babel/register@^7.8.0',
136 verbose parsed url   path: '@babel/register@^7.8.0',
136 verbose parsed url   href: '@babel/register@^7.8.0' }
137 verbose cache add name="" spec="babel/register@^7.8.0" args=["","babel/register@^7.8.0"]
138 verbose parsed url { protocol: null,
138 verbose parsed url   slashes: null,
138 verbose parsed url   auth: null,
138 verbose parsed url   host: null,
138 verbose parsed url   port: null,
138 verbose parsed url   hostname: null,
138 verbose parsed url   hash: null,
138 verbose parsed url   search: null,
138 verbose parsed url   query: null,
138 verbose parsed url   pathname: 'babel/register@^7.8.0',
138 verbose parsed url   path: 'babel/register@^7.8.0',
138 verbose parsed url   href: 'babel/register@^7.8.0' }
139 verbose cache add name="babel/register" spec="^7.8.0" args=["babel/register","^7.8.0"]
140 verbose parsed url { protocol: null,
140 verbose parsed url   slashes: null,
140 verbose parsed url   auth: null,
140 verbose parsed url   host: null,
140 verbose parsed url   port: null,
140 verbose parsed url   hostname: null,
140 verbose parsed url   hash: null,
140 verbose parsed url   search: null,
140 verbose parsed url   query: null,
140 verbose parsed url   pathname: '^7.8.0',
140 verbose parsed url   path: '^7.8.0',
140 verbose parsed url   href: '^7.8.0' }
141 verbose addNamed [ 'babel/register', '^7.8.0' ]
142 verbose addNamed [ null, '>=7.8.0-0 <8.0.0-0' ]
143 silly lockFile 92e52e82-babel-register-7-8-0 babel/register@^7.8.0
144 verbose lock babel/register@^7.8.0 /root/.npm/92e52e82-babel-register-7-8-0.lock
145 verbose cache add [ 'chai@^4.2.0', null ]
146 verbose cache add name=undefined spec="chai@^4.2.0" args=["chai@^4.2.0",null]
147 verbose parsed url { protocol: null,
147 verbose parsed url   slashes: null,
147 verbose parsed url   auth: null,
147 verbose parsed url   host: null,
147 verbose parsed url   port: null,
147 verbose parsed url   hostname: null,
147 verbose parsed url   hash: null,
147 verbose parsed url   search: null,
147 verbose parsed url   query: null,
147 verbose parsed url   pathname: 'chai@^4.2.0',
147 verbose parsed url   path: 'chai@^4.2.0',
147 verbose parsed url   href: 'chai@^4.2.0' }
148 verbose cache add name="chai" spec="^4.2.0" args=["chai","^4.2.0"]
149 verbose parsed url { protocol: null,
149 verbose parsed url   slashes: null,
149 verbose parsed url   auth: null,
149 verbose parsed url   host: null,
149 verbose parsed url   port: null,
149 verbose parsed url   hostname: null,
149 verbose parsed url   hash: null,
149 verbose parsed url   search: null,
149 verbose parsed url   query: null,
149 verbose parsed url   pathname: '^4.2.0',
149 verbose parsed url   path: '^4.2.0',
149 verbose parsed url   href: '^4.2.0' }
150 verbose addNamed [ 'chai', '^4.2.0' ]
151 verbose addNamed [ null, '>=4.2.0-0 <5.0.0-0' ]
152 silly lockFile 35088557-chai-4-2-0 chai@^4.2.0
153 verbose lock chai@^4.2.0 /root/.npm/35088557-chai-4-2-0.lock
154 verbose cache add [ 'mocha@^6.2.2', null ]
155 verbose cache add name=undefined spec="mocha@^6.2.2" args=["mocha@^6.2.2",null]
156 verbose parsed url { protocol: null,
156 verbose parsed url   slashes: null,
156 verbose parsed url   auth: null,
156 verbose parsed url   host: null,
156 verbose parsed url   port: null,
156 verbose parsed url   hostname: null,
156 verbose parsed url   hash: null,
156 verbose parsed url   search: null,
156 verbose parsed url   query: null,
156 verbose parsed url   pathname: 'mocha@^6.2.2',
156 verbose parsed url   path: 'mocha@^6.2.2',
156 verbose parsed url   href: 'mocha@^6.2.2' }
157 verbose cache add name="mocha" spec="^6.2.2" args=["mocha","^6.2.2"]
158 verbose parsed url { protocol: null,
158 verbose parsed url   slashes: null,
158 verbose parsed url   auth: null,
158 verbose parsed url   host: null,
158 verbose parsed url   port: null,
158 verbose parsed url   hostname: null,
158 verbose parsed url   hash: null,
158 verbose parsed url   search: null,
158 verbose parsed url   query: null,
158 verbose parsed url   pathname: '^6.2.2',
158 verbose parsed url   path: '^6.2.2',
158 verbose parsed url   href: '^6.2.2' }
159 verbose addNamed [ 'mocha', '^6.2.2' ]
160 verbose addNamed [ null, '>=6.2.2-0 <7.0.0-0' ]
161 silly lockFile 5c372dc9-mocha-6-2-2 mocha@^6.2.2
162 verbose lock mocha@^6.2.2 /root/.npm/5c372dc9-mocha-6-2-2.lock
163 verbose cache add [ 'nodemon@^2.0.2', null ]
164 verbose cache add name=undefined spec="nodemon@^2.0.2" args=["nodemon@^2.0.2",null]
165 verbose parsed url { protocol: null,
165 verbose parsed url   slashes: null,
165 verbose parsed url   auth: null,
165 verbose parsed url   host: null,
165 verbose parsed url   port: null,
165 verbose parsed url   hostname: null,
165 verbose parsed url   hash: null,
165 verbose parsed url   search: null,
165 verbose parsed url   query: null,
165 verbose parsed url   pathname: 'nodemon@^2.0.2',
165 verbose parsed url   path: 'nodemon@^2.0.2',
165 verbose parsed url   href: 'nodemon@^2.0.2' }
166 verbose cache add name="nodemon" spec="^2.0.2" args=["nodemon","^2.0.2"]
167 verbose parsed url { protocol: null,
167 verbose parsed url   slashes: null,
167 verbose parsed url   auth: null,
167 verbose parsed url   host: null,
167 verbose parsed url   port: null,
167 verbose parsed url   hostname: null,
167 verbose parsed url   hash: null,
167 verbose parsed url   search: null,
167 verbose parsed url   query: null,
167 verbose parsed url   pathname: '^2.0.2',
167 verbose parsed url   path: '^2.0.2',
167 verbose parsed url   href: '^2.0.2' }
168 verbose addNamed [ 'nodemon', '^2.0.2' ]
169 verbose addNamed [ null, '>=2.0.2-0 <3.0.0-0' ]
170 silly lockFile 301bee90-nodemon-2-0-2 nodemon@^2.0.2
171 verbose lock nodemon@^2.0.2 /root/.npm/301bee90-nodemon-2-0-2.lock
172 verbose cache add [ 'eslint@^6.4.0', null ]
173 verbose cache add name=undefined spec="eslint@^6.4.0" args=["eslint@^6.4.0",null]
174 verbose parsed url { protocol: null,
174 verbose parsed url   slashes: null,
174 verbose parsed url   auth: null,
174 verbose parsed url   host: null,
174 verbose parsed url   port: null,
174 verbose parsed url   hostname: null,
174 verbose parsed url   hash: null,
174 verbose parsed url   search: null,
174 verbose parsed url   query: null,
174 verbose parsed url   pathname: 'eslint@^6.4.0',
174 verbose parsed url   path: 'eslint@^6.4.0',
174 verbose parsed url   href: 'eslint@^6.4.0' }
175 verbose cache add name="eslint" spec="^6.4.0" args=["eslint","^6.4.0"]
176 verbose parsed url { protocol: null,
176 verbose parsed url   slashes: null,
176 verbose parsed url   auth: null,
176 verbose parsed url   host: null,
176 verbose parsed url   port: null,
176 verbose parsed url   hostname: null,
176 verbose parsed url   hash: null,
176 verbose parsed url   search: null,
176 verbose parsed url   query: null,
176 verbose parsed url   pathname: '^6.4.0',
176 verbose parsed url   path: '^6.4.0',
176 verbose parsed url   href: '^6.4.0' }
177 verbose addNamed [ 'eslint', '^6.4.0' ]
178 verbose addNamed [ null, '>=6.4.0-0 <7.0.0-0' ]
179 silly lockFile 14dcce51-eslint-6-4-0 eslint@^6.4.0
180 verbose lock eslint@^6.4.0 /root/.npm/14dcce51-eslint-6-4-0.lock
181 verbose cache add [ 'eslint-config-airbnb-base@^14.0.0', null ]
182 verbose cache add name=undefined spec="eslint-config-airbnb-base@^14.0.0" args=["eslint-config-airbnb-base@^14.0.0",null]
183 verbose parsed url { protocol: null,
183 verbose parsed url   slashes: null,
183 verbose parsed url   auth: null,
183 verbose parsed url   host: null,
183 verbose parsed url   port: null,
183 verbose parsed url   hostname: null,
183 verbose parsed url   hash: null,
183 verbose parsed url   search: null,
183 verbose parsed url   query: null,
183 verbose parsed url   pathname: 'eslint-config-airbnb-base@^14.0.0',
183 verbose parsed url   path: 'eslint-config-airbnb-base@^14.0.0',
183 verbose parsed url   href: 'eslint-config-airbnb-base@^14.0.0' }
184 verbose cache add name="eslint-config-airbnb-base" spec="^14.0.0" args=["eslint-config-airbnb-base","^14.0.0"]
185 verbose parsed url { protocol: null,
185 verbose parsed url   slashes: null,
185 verbose parsed url   auth: null,
185 verbose parsed url   host: null,
185 verbose parsed url   port: null,
185 verbose parsed url   hostname: null,
185 verbose parsed url   hash: null,
185 verbose parsed url   search: null,
185 verbose parsed url   query: null,
185 verbose parsed url   pathname: '^14.0.0',
185 verbose parsed url   path: '^14.0.0',
185 verbose parsed url   href: '^14.0.0' }
186 verbose addNamed [ 'eslint-config-airbnb-base', '^14.0.0' ]
187 verbose addNamed [ null, '>=14.0.0-0 <15.0.0-0' ]
188 silly lockFile c55c535b-eslint-config-airbnb-base-14-0-0 eslint-config-airbnb-base@^14.0.0
189 verbose lock eslint-config-airbnb-base@^14.0.0 /root/.npm/c55c535b-eslint-config-airbnb-base-14-0-0.lock
190 verbose cache add [ 'eslint-plugin-import@^2.18.2', null ]
191 verbose cache add name=undefined spec="eslint-plugin-import@^2.18.2" args=["eslint-plugin-import@^2.18.2",null]
192 verbose parsed url { protocol: null,
192 verbose parsed url   slashes: null,
192 verbose parsed url   auth: null,
192 verbose parsed url   host: null,
192 verbose parsed url   port: null,
192 verbose parsed url   hostname: null,
192 verbose parsed url   hash: null,
192 verbose parsed url   search: null,
192 verbose parsed url   query: null,
192 verbose parsed url   pathname: 'eslint-plugin-import@^2.18.2',
192 verbose parsed url   path: 'eslint-plugin-import@^2.18.2',
192 verbose parsed url   href: 'eslint-plugin-import@^2.18.2' }
193 verbose cache add name="eslint-plugin-import" spec="^2.18.2" args=["eslint-plugin-import","^2.18.2"]
194 verbose parsed url { protocol: null,
194 verbose parsed url   slashes: null,
194 verbose parsed url   auth: null,
194 verbose parsed url   host: null,
194 verbose parsed url   port: null,
194 verbose parsed url   hostname: null,
194 verbose parsed url   hash: null,
194 verbose parsed url   search: null,
194 verbose parsed url   query: null,
194 verbose parsed url   pathname: '^2.18.2',
194 verbose parsed url   path: '^2.18.2',
194 verbose parsed url   href: '^2.18.2' }
195 verbose addNamed [ 'eslint-plugin-import', '^2.18.2' ]
196 verbose addNamed [ null, '>=2.18.2-0 <3.0.0-0' ]
197 silly lockFile b83dd719-eslint-plugin-import-2-18-2 eslint-plugin-import@^2.18.2
198 verbose lock eslint-plugin-import@^2.18.2 /root/.npm/b83dd719-eslint-plugin-import-2-18-2.lock
199 verbose cache add [ 'eslint-plugin-jest@^22.17.0', null ]
200 verbose cache add name=undefined spec="eslint-plugin-jest@^22.17.0" args=["eslint-plugin-jest@^22.17.0",null]
201 verbose parsed url { protocol: null,
201 verbose parsed url   slashes: null,
201 verbose parsed url   auth: null,
201 verbose parsed url   host: null,
201 verbose parsed url   port: null,
201 verbose parsed url   hostname: null,
201 verbose parsed url   hash: null,
201 verbose parsed url   search: null,
201 verbose parsed url   query: null,
201 verbose parsed url   pathname: 'eslint-plugin-jest@^22.17.0',
201 verbose parsed url   path: 'eslint-plugin-jest@^22.17.0',
201 verbose parsed url   href: 'eslint-plugin-jest@^22.17.0' }
202 verbose cache add name="eslint-plugin-jest" spec="^22.17.0" args=["eslint-plugin-jest","^22.17.0"]
203 verbose parsed url { protocol: null,
203 verbose parsed url   slashes: null,
203 verbose parsed url   auth: null,
203 verbose parsed url   host: null,
203 verbose parsed url   port: null,
203 verbose parsed url   hostname: null,
203 verbose parsed url   hash: null,
203 verbose parsed url   search: null,
203 verbose parsed url   query: null,
203 verbose parsed url   pathname: '^22.17.0',
203 verbose parsed url   path: '^22.17.0',
203 verbose parsed url   href: '^22.17.0' }
204 verbose addNamed [ 'eslint-plugin-jest', '^22.17.0' ]
205 verbose addNamed [ null, '>=22.17.0-0 <23.0.0-0' ]
206 silly lockFile d84ab553-eslint-plugin-jest-22-17-0 eslint-plugin-jest@^22.17.0
207 verbose lock eslint-plugin-jest@^22.17.0 /root/.npm/d84ab553-eslint-plugin-jest-22-17-0.lock
208 verbose cache add [ 'request@^2.88.0', null ]
209 verbose cache add name=undefined spec="request@^2.88.0" args=["request@^2.88.0",null]
210 verbose parsed url { protocol: null,
210 verbose parsed url   slashes: null,
210 verbose parsed url   auth: null,
210 verbose parsed url   host: null,
210 verbose parsed url   port: null,
210 verbose parsed url   hostname: null,
210 verbose parsed url   hash: null,
210 verbose parsed url   search: null,
210 verbose parsed url   query: null,
210 verbose parsed url   pathname: 'request@^2.88.0',
210 verbose parsed url   path: 'request@^2.88.0',
210 verbose parsed url   href: 'request@^2.88.0' }
211 verbose cache add name="request" spec="^2.88.0" args=["request","^2.88.0"]
212 verbose parsed url { protocol: null,
212 verbose parsed url   slashes: null,
212 verbose parsed url   auth: null,
212 verbose parsed url   host: null,
212 verbose parsed url   port: null,
212 verbose parsed url   hostname: null,
212 verbose parsed url   hash: null,
212 verbose parsed url   search: null,
212 verbose parsed url   query: null,
212 verbose parsed url   pathname: '^2.88.0',
212 verbose parsed url   path: '^2.88.0',
212 verbose parsed url   href: '^2.88.0' }
213 verbose addNamed [ 'request', '^2.88.0' ]
214 verbose addNamed [ null, '>=2.88.0-0 <3.0.0-0' ]
215 silly lockFile f9a4fdd4-request-2-88-0 request@^2.88.0
216 verbose lock request@^2.88.0 /root/.npm/f9a4fdd4-request-2-88-0.lock
217 verbose cache add [ 'sinon@^7.5.0', null ]
218 verbose cache add name=undefined spec="sinon@^7.5.0" args=["sinon@^7.5.0",null]
219 verbose parsed url { protocol: null,
219 verbose parsed url   slashes: null,
219 verbose parsed url   auth: null,
219 verbose parsed url   host: null,
219 verbose parsed url   port: null,
219 verbose parsed url   hostname: null,
219 verbose parsed url   hash: null,
219 verbose parsed url   search: null,
219 verbose parsed url   query: null,
219 verbose parsed url   pathname: 'sinon@^7.5.0',
219 verbose parsed url   path: 'sinon@^7.5.0',
219 verbose parsed url   href: 'sinon@^7.5.0' }
220 verbose cache add name="sinon" spec="^7.5.0" args=["sinon","^7.5.0"]
221 verbose parsed url { protocol: null,
221 verbose parsed url   slashes: null,
221 verbose parsed url   auth: null,
221 verbose parsed url   host: null,
221 verbose parsed url   port: null,
221 verbose parsed url   hostname: null,
221 verbose parsed url   hash: null,
221 verbose parsed url   search: null,
221 verbose parsed url   query: null,
221 verbose parsed url   pathname: '^7.5.0',
221 verbose parsed url   path: '^7.5.0',
221 verbose parsed url   href: '^7.5.0' }
222 verbose addNamed [ 'sinon', '^7.5.0' ]
223 verbose addNamed [ null, '>=7.5.0-0 <8.0.0-0' ]
224 silly lockFile 01297580-sinon-7-5-0 sinon@^7.5.0
225 verbose lock sinon@^7.5.0 /root/.npm/01297580-sinon-7-5-0.lock
226 silly addNameRange { name: 'bull', range: '>=3.16.0-0 <4.0.0-0', hasData: false }
227 silly addNameRange { name: 'chai-http',
227 silly addNameRange   range: '>=4.3.0-0 <5.0.0-0',
227 silly addNameRange   hasData: false }
228 silly addNameRange { name: 'express', range: '>=4.17.1-0 <5.0.0-0', hasData: false }
229 silly addNameRange { name: 'image-thumbnail',
229 silly addNameRange   range: '>=1.0.10-0 <2.0.0-0',
229 silly addNameRange   hasData: false }
230 silly addNameRange { name: 'mime-types',
230 silly addNameRange   range: '>=2.1.27-0 <3.0.0-0',
230 silly addNameRange   hasData: false }
231 silly addNameRange { name: 'mongodb', range: '>=3.5.9-0 <4.0.0-0', hasData: false }
232 silly addNameRange { name: 'redis', range: '>=2.8.0-0 <3.0.0-0', hasData: false }
233 silly addNameRange { name: 'sha1', range: '>=1.1.1-0 <2.0.0-0', hasData: false }
234 silly addNameRange { name: 'uuid', range: '>=8.2.0-0 <9.0.0-0', hasData: false }
235 silly addNameRange { name: 'babel/cli',
235 silly addNameRange   range: '>=7.8.0-0 <8.0.0-0',
235 silly addNameRange   hasData: false }
236 silly addNameRange { name: 'babel/core',
236 silly addNameRange   range: '>=7.8.0-0 <8.0.0-0',
236 silly addNameRange   hasData: false }
237 silly addNameRange { name: 'babel/node',
237 silly addNameRange   range: '>=7.8.0-0 <8.0.0-0',
237 silly addNameRange   hasData: false }
238 silly addNameRange { name: 'babel/preset-env',
238 silly addNameRange   range: '>=7.8.2-0 <8.0.0-0',
238 silly addNameRange   hasData: false }
239 silly addNameRange { name: 'babel/register',
239 silly addNameRange   range: '>=7.8.0-0 <8.0.0-0',
239 silly addNameRange   hasData: false }
240 silly addNameRange { name: 'chai', range: '>=4.2.0-0 <5.0.0-0', hasData: false }
241 silly addNameRange { name: 'mocha', range: '>=6.2.2-0 <7.0.0-0', hasData: false }
242 silly addNameRange { name: 'nodemon', range: '>=2.0.2-0 <3.0.0-0', hasData: false }
243 silly addNameRange { name: 'eslint', range: '>=6.4.0-0 <7.0.0-0', hasData: false }
244 silly addNameRange { name: 'eslint-config-airbnb-base',
244 silly addNameRange   range: '>=14.0.0-0 <15.0.0-0',
244 silly addNameRange   hasData: false }
245 silly addNameRange { name: 'eslint-plugin-import',
245 silly addNameRange   range: '>=2.18.2-0 <3.0.0-0',
245 silly addNameRange   hasData: false }
246 silly addNameRange { name: 'eslint-plugin-jest',
246 silly addNameRange   range: '>=22.17.0-0 <23.0.0-0',
246 silly addNameRange   hasData: false }
247 silly addNameRange { name: 'request', range: '>=2.88.0-0 <3.0.0-0', hasData: false }
248 silly addNameRange { name: 'sinon', range: '>=7.5.0-0 <8.0.0-0', hasData: false }
249 verbose url raw bull
250 verbose url resolving [ 'https://registry.npmjs.org/', './bull' ]
251 verbose url resolved https://registry.npmjs.org/bull
252 info trying registry request attempt 1 at 05:01:46
253 http GET https://registry.npmjs.org/bull
254 verbose url raw chai-http
255 verbose url resolving [ 'https://registry.npmjs.org/', './chai-http' ]
256 verbose url resolved https://registry.npmjs.org/chai-http
257 info trying registry request attempt 1 at 05:01:46
258 http GET https://registry.npmjs.org/chai-http
259 verbose url raw express
260 verbose url resolving [ 'https://registry.npmjs.org/', './express' ]
261 verbose url resolved https://registry.npmjs.org/express
262 info trying registry request attempt 1 at 05:01:46
263 http GET https://registry.npmjs.org/express
264 verbose url raw image-thumbnail
265 verbose url resolving [ 'https://registry.npmjs.org/', './image-thumbnail' ]
266 verbose url resolved https://registry.npmjs.org/image-thumbnail
267 info trying registry request attempt 1 at 05:01:46
268 http GET https://registry.npmjs.org/image-thumbnail
269 verbose url raw mime-types
270 verbose url resolving [ 'https://registry.npmjs.org/', './mime-types' ]
271 verbose url resolved https://registry.npmjs.org/mime-types
272 info trying registry request attempt 1 at 05:01:46
273 http GET https://registry.npmjs.org/mime-types
274 verbose url raw mongodb
275 verbose url resolving [ 'https://registry.npmjs.org/', './mongodb' ]
276 verbose url resolved https://registry.npmjs.org/mongodb
277 info trying registry request attempt 1 at 05:01:46
278 http GET https://registry.npmjs.org/mongodb
279 verbose url raw redis
280 verbose url resolving [ 'https://registry.npmjs.org/', './redis' ]
281 verbose url resolved https://registry.npmjs.org/redis
282 info trying registry request attempt 1 at 05:01:46
283 http GET https://registry.npmjs.org/redis
284 verbose url raw sha1
285 verbose url resolving [ 'https://registry.npmjs.org/', './sha1' ]
286 verbose url resolved https://registry.npmjs.org/sha1
287 info trying registry request attempt 1 at 05:01:46
288 http GET https://registry.npmjs.org/sha1
289 verbose url raw uuid
290 verbose url resolving [ 'https://registry.npmjs.org/', './uuid' ]
291 verbose url resolved https://registry.npmjs.org/uuid
292 info trying registry request attempt 1 at 05:01:46
293 http GET https://registry.npmjs.org/uuid
294 verbose url raw babel/cli
295 verbose url resolving [ 'https://registry.npmjs.org/', './babel/cli' ]
296 verbose url resolved https://registry.npmjs.org/babel/cli
297 info trying registry request attempt 1 at 05:01:46
298 http GET https://registry.npmjs.org/babel/cli
299 verbose url raw babel/core
300 verbose url resolving [ 'https://registry.npmjs.org/', './babel/core' ]
301 verbose url resolved https://registry.npmjs.org/babel/core
302 info trying registry request attempt 1 at 05:01:46
303 http GET https://registry.npmjs.org/babel/core
304 verbose url raw babel/node
305 verbose url resolving [ 'https://registry.npmjs.org/', './babel/node' ]
306 verbose url resolved https://registry.npmjs.org/babel/node
307 info trying registry request attempt 1 at 05:01:46
308 http GET https://registry.npmjs.org/babel/node
309 verbose url raw babel/preset-env
310 verbose url resolving [ 'https://registry.npmjs.org/', './babel/preset-env' ]
311 verbose url resolved https://registry.npmjs.org/babel/preset-env
312 info trying registry request attempt 1 at 05:01:47
313 http GET https://registry.npmjs.org/babel/preset-env
314 verbose url raw babel/register
315 verbose url resolving [ 'https://registry.npmjs.org/', './babel/register' ]
316 verbose url resolved https://registry.npmjs.org/babel/register
317 info trying registry request attempt 1 at 05:01:47
318 http GET https://registry.npmjs.org/babel/register
319 verbose url raw chai
320 verbose url resolving [ 'https://registry.npmjs.org/', './chai' ]
321 verbose url resolved https://registry.npmjs.org/chai
322 info trying registry request attempt 1 at 05:01:47
323 http GET https://registry.npmjs.org/chai
324 verbose url raw mocha
325 verbose url resolving [ 'https://registry.npmjs.org/', './mocha' ]
326 verbose url resolved https://registry.npmjs.org/mocha
327 info trying registry request attempt 1 at 05:01:47
328 http GET https://registry.npmjs.org/mocha
329 verbose url raw nodemon
330 verbose url resolving [ 'https://registry.npmjs.org/', './nodemon' ]
331 verbose url resolved https://registry.npmjs.org/nodemon
332 info trying registry request attempt 1 at 05:01:47
333 http GET https://registry.npmjs.org/nodemon
334 verbose url raw eslint
335 verbose url resolving [ 'https://registry.npmjs.org/', './eslint' ]
336 verbose url resolved https://registry.npmjs.org/eslint
337 info trying registry request attempt 1 at 05:01:47
338 http GET https://registry.npmjs.org/eslint
339 verbose url raw eslint-config-airbnb-base
340 verbose url resolving [ 'https://registry.npmjs.org/', './eslint-config-airbnb-base' ]
341 verbose url resolved https://registry.npmjs.org/eslint-config-airbnb-base
342 info trying registry request attempt 1 at 05:01:47
343 http GET https://registry.npmjs.org/eslint-config-airbnb-base
344 verbose url raw eslint-plugin-import
345 verbose url resolving [ 'https://registry.npmjs.org/', './eslint-plugin-import' ]
346 verbose url resolved https://registry.npmjs.org/eslint-plugin-import
347 info trying registry request attempt 1 at 05:01:47
348 http GET https://registry.npmjs.org/eslint-plugin-import
349 verbose url raw eslint-plugin-jest
350 verbose url resolving [ 'https://registry.npmjs.org/', './eslint-plugin-jest' ]
351 verbose url resolved https://registry.npmjs.org/eslint-plugin-jest
352 info trying registry request attempt 1 at 05:01:47
353 http GET https://registry.npmjs.org/eslint-plugin-jest
354 verbose url raw request
355 verbose url resolving [ 'https://registry.npmjs.org/', './request' ]
356 verbose url resolved https://registry.npmjs.org/request
357 info trying registry request attempt 1 at 05:01:47
358 http GET https://registry.npmjs.org/request
359 verbose url raw sinon
360 verbose url resolving [ 'https://registry.npmjs.org/', './sinon' ]
361 verbose url resolved https://registry.npmjs.org/sinon
362 info trying registry request attempt 1 at 05:01:47
363 http GET https://registry.npmjs.org/sinon
364 info retry will retry, error on last attempt: Error: CERT_UNTRUSTED
365 info retry will retry, error on last attempt: Error: CERT_UNTRUSTED
366 info retry will retry, error on last attempt: Error: CERT_UNTRUSTED
367 info retry will retry, error on last attempt: Error: CERT_UNTRUSTED
368 info retry will retry, error on last attempt: Error: CERT_UNTRUSTED
369 info retry will retry, error on last attempt: Error: CERT_UNTRUSTED
370 info retry will retry, error on last attempt: Error: CERT_UNTRUSTED
371 info retry will retry, error on last attempt: Error: CERT_UNTRUSTED
372 info retry will retry, error on last attempt: Error: CERT_UNTRUSTED
373 info retry will retry, error on last attempt: Error: CERT_UNTRUSTED
374 info retry will retry, error on last attempt: Error: CERT_UNTRUSTED
375 info retry will retry, error on last attempt: Error: CERT_UNTRUSTED
376 info retry will retry, error on last attempt: Error: CERT_UNTRUSTED
377 info retry will retry, error on last attempt: Error: CERT_UNTRUSTED
378 info retry will retry, error on last attempt: Error: CERT_UNTRUSTED
379 info retry will retry, error on last attempt: Error: CERT_UNTRUSTED
380 info retry will retry, error on last attempt: Error: CERT_UNTRUSTED
381 info retry will retry, error on last attempt: Error: CERT_UNTRUSTED
382 info retry will retry, error on last attempt: Error: CERT_UNTRUSTED
383 info retry will retry, error on last attempt: Error: CERT_UNTRUSTED
384 info retry will retry, error on last attempt: Error: CERT_UNTRUSTED
385 info retry will retry, error on last attempt: Error: CERT_UNTRUSTED
386 info retry will retry, error on last attempt: Error: CERT_UNTRUSTED
387 info trying registry request attempt 2 at 05:01:57
388 http GET https://registry.npmjs.org/bull
389 info trying registry request attempt 2 at 05:01:57
390 http GET https://registry.npmjs.org/express
391 info trying registry request attempt 2 at 05:01:57
392 http GET https://registry.npmjs.org/chai-http
393 info retry will retry, error on last attempt: Error: CERT_UNTRUSTED
394 info retry will retry, error on last attempt: Error: CERT_UNTRUSTED
395 info retry will retry, error on last attempt: Error: CERT_UNTRUSTED
396 info trying registry request attempt 2 at 05:01:57
397 http GET https://registry.npmjs.org/image-thumbnail
398 info trying registry request attempt 2 at 05:01:57
399 http GET https://registry.npmjs.org/mime-types
400 info retry will retry, error on last attempt: Error: CERT_UNTRUSTED
401 info retry will retry, error on last attempt: Error: CERT_UNTRUSTED
402 info trying registry request attempt 2 at 05:01:57
403 http GET https://registry.npmjs.org/babel/cli
404 info trying registry request attempt 2 at 05:01:57
405 http GET https://registry.npmjs.org/uuid
406 info trying registry request attempt 2 at 05:01:57
407 http GET https://registry.npmjs.org/sha1
408 info trying registry request attempt 2 at 05:01:57
409 http GET https://registry.npmjs.org/mongodb
410 info retry will retry, error on last attempt: Error: CERT_UNTRUSTED
411 info trying registry request attempt 2 at 05:01:57
412 http GET https://registry.npmjs.org/redis
413 info retry will retry, error on last attempt: Error: CERT_UNTRUSTED
414 info retry will retry, error on last attempt: Error: CERT_UNTRUSTED
415 info retry will retry, error on last attempt: Error: CERT_UNTRUSTED
416 info trying registry request attempt 2 at 05:01:57
417 http GET https://registry.npmjs.org/babel/core
418 info trying registry request attempt 2 at 05:01:57
419 http GET https://registry.npmjs.org/babel/register
420 info trying registry request attempt 2 at 05:01:57
421 http GET https://registry.npmjs.org/babel/node
422 info trying registry request attempt 2 at 05:01:57
423 http GET https://registry.npmjs.org/babel/preset-env
424 info trying registry request attempt 2 at 05:01:57
425 http GET https://registry.npmjs.org/chai
426 info retry will retry, error on last attempt: Error: CERT_UNTRUSTED
427 info trying registry request attempt 2 at 05:01:57
428 http GET https://registry.npmjs.org/mocha
429 info trying registry request attempt 2 at 05:01:57
430 http GET https://registry.npmjs.org/nodemon
431 info trying registry request attempt 2 at 05:01:57
432 http GET https://registry.npmjs.org/eslint
433 info trying registry request attempt 2 at 05:01:57
434 http GET https://registry.npmjs.org/eslint-config-airbnb-base
435 info trying registry request attempt 2 at 05:01:58
436 http GET https://registry.npmjs.org/eslint-plugin-import
437 info trying registry request attempt 2 at 05:01:58
438 http GET https://registry.npmjs.org/eslint-plugin-jest
439 info trying registry request attempt 2 at 05:01:58
440 http GET https://registry.npmjs.org/request
441 info retry will retry, error on last attempt: Error: CERT_UNTRUSTED
442 info retry will retry, error on last attempt: Error: CERT_UNTRUSTED
443 info retry will retry, error on last attempt: Error: CERT_UNTRUSTED
444 info retry will retry, error on last attempt: Error: CERT_UNTRUSTED
445 info retry will retry, error on last attempt: Error: CERT_UNTRUSTED
446 info trying registry request attempt 2 at 05:01:58
447 http GET https://registry.npmjs.org/sinon
448 info retry will retry, error on last attempt: Error: CERT_UNTRUSTED
449 info retry will retry, error on last attempt: Error: CERT_UNTRUSTED
450 info retry will retry, error on last attempt: Error: CERT_UNTRUSTED
451 info retry will retry, error on last attempt: Error: CERT_UNTRUSTED
452 info retry will retry, error on last attempt: Error: CERT_UNTRUSTED
453 info retry will retry, error on last attempt: Error: CERT_UNTRUSTED
454 info retry will retry, error on last attempt: Error: CERT_UNTRUSTED
455 info retry will retry, error on last attempt: Error: CERT_UNTRUSTED
456 info trying registry request attempt 3 at 05:02:57
457 http GET https://registry.npmjs.org/bull
458 silly lockFile 8a887d71-bull-3-16-0 bull@^3.16.0
459 silly lockFile 8a887d71-bull-3-16-0 bull@^3.16.0
460 error Error: CERT_UNTRUSTED
460 error     at SecurePair.<anonymous> (tls.js:1370:32)
460 error     at SecurePair.EventEmitter.emit (events.js:92:17)
460 error     at SecurePair.maybeInitFinished (tls.js:982:10)
460 error     at CleartextStream.read [as _read] (tls.js:469:13)
460 error     at CleartextStream.Readable.read (_stream_readable.js:320:10)
460 error     at EncryptedStream.write [as _write] (tls.js:366:25)
460 error     at doWrite (_stream_writable.js:223:10)
460 error     at writeOrBuffer (_stream_writable.js:213:5)
460 error     at EncryptedStream.Writable.write (_stream_writable.js:180:11)
460 error     at write (_stream_readable.js:583:24)
460 error     at flow (_stream_readable.js:592:7)
460 error     at Socket.pipeOnReadable (_stream_readable.js:624:5)
461 error If you need help, you may report this log at:
461 error     <http://github.com/isaacs/npm/issues>
461 error or email it to:
461 error     <npm-@googlegroups.com>
462 error System Linux 5.4.0-1049-aws
463 error command "/usr/bin/nodejs" "/usr/bin/npm" "install"
464 error cwd /root/alx-files_manager
465 error node -v v0.10.25
466 error npm -v 1.3.10
467 verbose exit [ 1, true ]
